C:\UF\TEACHING\CAP5705\PREP_ASSIGNMENTS\PROJ2_RAYTRACER\SUBMIT\SRC\MAINSRC\DEBUG\MAINSRC_PROJ2.OBJ
C:\UF\TEACHING\CAP5705\PREP_ASSIGNMENTS\PROJ2_RAYTRACER\SUBMIT\SRC\MAINSRC\DEBUG\VC110.PDB
C:\UF\TEACHING\CAP5705\PREP_ASSIGNMENTS\PROJ3_4_OPENGL\SRC\MAINSRC\DEBUG\MAINSRC_PROJ3_4.OBJ
C:\UF\TEACHING\CAP5705\PREP_ASSIGNMENTS\PROJ3_4_OPENGL\SRC\MAINSRC\DEBUG\VC110.PDB
C:\UF\TEACHING\CAP5705\PREP_ASSIGNMENTS\PROJ2_RAYTRACER\SUBMIT\SRC\MAINSRC\DEBUG\PROJ2_RAYTRACER.EXE
C:\UF\TEACHING\CAP5705\PREP_ASSIGNMENTS\PROJ2_RAYTRACER\SUBMIT\SRC\MAINSRC\DEBUG\PROJ2_RAYTRACER.PDB
C:\UF\TEACHING\CAP5705\PREP_ASSIGNMENTS\PROJ3_4_OPENGL\SRC\MAINSRC\DEBUG\PROJ2_RAYTRACER.EXE
C:\UF\TEACHING\CAP5705\PREP_ASSIGNMENTS\PROJ3_4_OPENGL\SRC\MAINSRC\DEBUG\PROJ2_RAYTRACER.PDB
C:\UF\teaching\CAP5705\prep_assignments\proj3_4_OpenGL\src\mainsrc\Debug\mainsrc_proj2.obj
C:\UF\teaching\CAP5705\prep_assignments\proj3_4_OpenGL\src\mainsrc\Debug\mainsrc_proj3_4.obj
C:\UF\teaching\CAP5705\prep_assignments\proj3_4_OpenGL\src\mainsrc\Debug\cl.command.1.tlog
C:\UF\teaching\CAP5705\prep_assignments\proj3_4_OpenGL\src\mainsrc\Debug\CL.read.1.tlog
C:\UF\teaching\CAP5705\prep_assignments\proj3_4_OpenGL\src\mainsrc\Debug\CL.write.1.tlog
C:\UF\teaching\CAP5705\prep_assignments\proj3_4_OpenGL\src\mainsrc\Debug\link-cvtres.read.1.tlog
C:\UF\teaching\CAP5705\prep_assignments\proj3_4_OpenGL\src\mainsrc\Debug\link-cvtres.write.1.tlog
C:\UF\teaching\CAP5705\prep_assignments\proj3_4_OpenGL\src\mainsrc\Debug\link-rc.read.1.tlog
C:\UF\teaching\CAP5705\prep_assignments\proj3_4_OpenGL\src\mainsrc\Debug\link-rc.write.1.tlog
C:\UF\teaching\CAP5705\prep_assignments\proj3_4_OpenGL\src\mainsrc\Debug\link.command.1.tlog
C:\UF\teaching\CAP5705\prep_assignments\proj3_4_OpenGL\src\mainsrc\Debug\link.read.1.tlog
C:\UF\teaching\CAP5705\prep_assignments\proj3_4_OpenGL\src\mainsrc\Debug\link.write.1.tlog
C:\UF\teaching\CAP5705\prep_assignments\proj3_4_OpenGL\src\mainsrc\Debug\vc110.idb
C:\UF\teaching\CAP5705\prep_assignments\proj3_4_OpenGL\src\mainsrc\Debug\proj2_raytracer.pdb
C:\UF\teaching\CAP5705\prep_assignments\proj3_4_OpenGL\src\mainsrc\Debug\vc110.pdb
C:\UF\teaching\CAP5705\prep_assignments\proj3_4_OpenGL\src\mainsrc\Debug\proj2_raytracer.exe
