Build started 10/26/2015 9:09:01 AM.
     1>Project "C:\UF\teaching\CAP5705\prep_assignments\proj3_4_OpenGL\src\librt\rtlib.vcxproj" on node 3 (Rebuild target(s)).
     1>_PrepareForClean:
         Deleting file "Debug\librt.lastbuildstate".
     1>C:\Program Files (x86)\MSBuild\Microsoft.Cpp\v4.0\V110\Microsoft.CppBuild.targets(346,5): warning MSB8004: Output Directory does not end with a trailing slash.  This build instance will add the slash as it is required to allow proper evaluation of the Output Directory.
       InitializeBuildStatus:
         Creating "Debug\librt.unsuccessfulbuild" because "AlwaysCreate" was specified.
       ClCompile:
         C:\Program Files (x86)\Microsoft Visual Studio 11.0\VC\bin\CL.exe /c /I./include/ /IC:\cygwin\home\Corey\environmentmap\proj2_raytracer\src\libst\include /IC:\UF\teaching\CAP5705\prep_assignments\proj3_4_OpenGL\src\include /I"C:\UF\teaching\CAP5705\prep_assignments\proj3_4_OpenGL\src\libigl\libigl-master\include" /IC:\UF\teaching\CAP5705\prep_assignments\proj3_4_OpenGL\src\libst\ext\glew\include\GL /ZI /nologo /W3 /WX- /Od /Oy- /D WIN32 /D _DEBUG /D _LIB /D _UNICODE /D UNICODE /Gm /EHsc /RTC1 /MDd /GS /Zc:wchar_t /Zc:forScope /Fo"Debug\\" /Fd"Debug\vc110.pdb" /Gd /TP /analyze- /errorReport:prompt Camera.cpp CameraNode.cpp GeometryNode.cpp Intersection.cpp Light.cpp LightNode.cpp LinearSolver.cpp Ray.cpp RayTracer.cpp RGBR_f.cpp Scene.cpp SceneNode.cpp Shader.cpp Sphere.cpp Surface.cpp TransformNode.cpp Triangle.cpp utilities.cpp
         utilities.cpp
     1>c:\uf\teaching\cap5705\prep_assignments\proj3_4_opengl\src\librt\include\defs.h(172): warning C4305: 'initializing' : truncation from 'double' to 'float'
     1>c:\uf\teaching\cap5705\prep_assignments\proj3_4_opengl\src\librt\include\defs.h(173): warning C4305: 'initializing' : truncation from 'double' to 'float'
     1>c:\uf\teaching\cap5705\prep_assignments\proj3_4_opengl\src\librt\include\defs.h(174): warning C4305: 'initializing' : truncation from 'double' to 'float'
     1>c:\uf\teaching\cap5705\prep_assignments\proj3_4_opengl\src\librt\include\defs.h(175): warning C4305: 'initializing' : truncation from 'double' to 'float'
     1>c:\uf\teaching\cap5705\prep_assignments\proj3_4_opengl\src\librt\include\defs.h(176): warning C4305: 'initializing' : truncation from 'double' to 'float'
     1>c:\uf\teaching\cap5705\prep_assignments\proj3_4_opengl\src\librt\include\defs.h(177): warning C4305: 'initializing' : truncation from 'double' to 'float'
     1>c:\uf\teaching\cap5705\prep_assignments\proj3_4_opengl\src\librt\include\defs.h(178): warning C4305: 'initializing' : truncation from 'double' to 'float'
     1>c:\uf\teaching\cap5705\prep_assignments\proj3_4_opengl\src\librt\include\defs.h(179): warning C4305: 'initializing' : truncation from 'double' to 'float'
     1>c:\uf\teaching\cap5705\prep_assignments\proj3_4_opengl\src\librt\include\defs.h(180): warning C4305: 'initializing' : truncation from 'double' to 'float'
     1>c:\uf\teaching\cap5705\prep_assignments\proj3_4_opengl\src\librt\include\defs.h(181): warning C4305: 'initializing' : truncation from 'double' to 'float'
     1>c:\uf\teaching\cap5705\prep_assignments\proj3_4_opengl\src\librt\include\defs.h(182): warning C4305: 'initializing' : truncation from 'double' to 'float'
     1>c:\uf\teaching\cap5705\prep_assignments\proj3_4_opengl\src\librt\include\defs.h(183): warning C4305: 'initializing' : truncation from 'double' to 'float'
     1>c:\uf\teaching\cap5705\prep_assignments\proj3_4_opengl\src\librt\include\defs.h(184): warning C4305: 'initializing' : truncation from 'double' to 'float'
     1>c:\uf\teaching\cap5705\prep_assignments\proj3_4_opengl\src\librt\include\defs.h(185): warning C4305: 'initializing' : truncation from 'double' to 'float'
     1>c:\uf\teaching\cap5705\prep_assignments\proj3_4_opengl\src\librt\include\defs.h(186): warning C4305: 'initializing' : truncation from 'double' to 'float'
     1>c:\uf\teaching\cap5705\prep_assignments\proj3_4_opengl\src\librt\include\defs.h(187): warning C4305: 'initializing' : truncation from 'double' to 'float'
     1>c:\uf\teaching\cap5705\prep_assignments\proj3_4_opengl\src\librt\include\defs.h(188): warning C4305: 'initializing' : truncation from 'double' to 'float'
     1>c:\uf\teaching\cap5705\prep_assignments\proj3_4_opengl\src\librt\include\defs.h(189): warning C4305: 'initializing' : truncation from 'double' to 'float'
     1>c:\uf\teaching\cap5705\prep_assignments\proj3_4_opengl\src\librt\include\defs.h(190): warning C4305: 'initializing' : truncation from 'double' to 'float'
     1>c:\uf\teaching\cap5705\prep_assignments\proj3_4_opengl\src\librt\include\defs.h(191): warning C4305: 'initializing' : truncation from 'double' to 'float'
     1>c:\uf\teaching\cap5705\prep_assignments\proj3_4_opengl\src\librt\include\defs.h(192): warning C4305: 'initializing' : truncation from 'double' to 'float'
     1>c:\uf\teaching\cap5705\prep_assignments\proj3_4_opengl\src\librt\include\defs.h(193): warning C4305: 'initializing' : truncation from 'double' to 'float'
     1>c:\uf\teaching\cap5705\prep_assignments\proj3_4_opengl\src\librt\include\defs.h(194): warning C4305: 'initializing' : truncation from 'double' to 'float'
     1>c:\uf\teaching\cap5705\prep_assignments\proj3_4_opengl\src\librt\include\defs.h(195): warning C4305: 'initializing' : truncation from 'double' to 'float'
     1>c:\uf\teaching\cap5705\prep_assignments\proj3_4_opengl\src\librt\include\defs.h(196): warning C4305: 'initializing' : truncation from 'double' to 'float'
     1>c:\uf\teaching\cap5705\prep_assignments\proj3_4_opengl\src\librt\include\defs.h(197): warning C4305: 'initializing' : truncation from 'double' to 'float'
     1>c:\uf\teaching\cap5705\prep_assignments\proj3_4_opengl\src\librt\include\defs.h(198): warning C4305: 'initializing' : truncation from 'double' to 'float'
     1>c:\uf\teaching\cap5705\prep_assignments\proj3_4_opengl\src\librt\include\defs.h(199): warning C4305: 'initializing' : truncation from 'double' to 'float'
     1>c:\uf\teaching\cap5705\prep_assignments\proj3_4_opengl\src\librt\include\defs.h(200): warning C4305: 'initializing' : truncation from 'double' to 'float'
     1>c:\uf\teaching\cap5705\prep_assignments\proj3_4_opengl\src\librt\include\defs.h(201): warning C4305: 'initializing' : truncation from 'double' to 'float'
     1>c:\uf\teaching\cap5705\prep_assignments\proj3_4_opengl\src\librt\include\defs.h(202): warning C4305: 'initializing' : truncation from 'double' to 'float'
     1>c:\uf\teaching\cap5705\prep_assignments\proj3_4_opengl\src\librt\include\defs.h(203): warning C4305: 'initializing' : truncation from 'double' to 'float'
     1>c:\uf\teaching\cap5705\prep_assignments\proj3_4_opengl\src\librt\include\defs.h(204): warning C4305: 'initializing' : truncation from 'double' to 'float'
     1>c:\uf\teaching\cap5705\prep_assignments\proj3_4_opengl\src\librt\include\defs.h(205): warning C4305: 'initializing' : truncation from 'double' to 'float'
     1>c:\uf\teaching\cap5705\prep_assignments\proj3_4_opengl\src\librt\include\defs.h(206): warning C4305: 'initializing' : truncation from 'double' to 'float'
     1>c:\uf\teaching\cap5705\prep_assignments\proj3_4_opengl\src\librt\include\defs.h(207): warning C4305: 'initializing' : truncation from 'double' to 'float'
     1>c:\uf\teaching\cap5705\prep_assignments\proj3_4_opengl\src\librt\include\defs.h(208): warning C4305: 'initializing' : truncation from 'double' to 'float'
     1>c:\uf\teaching\cap5705\prep_assignments\proj3_4_opengl\src\librt\include\defs.h(209): warning C4305: 'initializing' : truncation from 'double' to 'float'
     1>c:\uf\teaching\cap5705\prep_assignments\proj3_4_opengl\src\librt\include\defs.h(210): warning C4305: 'initializing' : truncation from 'double' to 'float'
     1>c:\uf\teaching\cap5705\prep_assignments\proj3_4_opengl\src\librt\include\defs.h(211): warning C4305: 'initializing' : truncation from 'double' to 'float'
     1>c:\uf\teaching\cap5705\prep_assignments\proj3_4_opengl\src\librt\include\defs.h(212): warning C4305: 'initializing' : truncation from 'double' to 'float'
     1>c:\uf\teaching\cap5705\prep_assignments\proj3_4_opengl\src\librt\utilities.cpp(76): warning C4244: '=' : conversion from 'double' to 'float', possible loss of data
     1>c:\uf\teaching\cap5705\prep_assignments\proj3_4_opengl\src\librt\utilities.cpp(180): warning C4244: 'argument' : conversion from 'double' to 'float', possible loss of data
     1>c:\uf\teaching\cap5705\prep_assignments\proj3_4_opengl\src\librt\utilities.cpp(181): warning C4244: '=' : conversion from 'double' to 'float', possible loss of data
     1>c:\uf\teaching\cap5705\prep_assignments\proj3_4_opengl\src\librt\utilities.cpp(187): warning C4244: 'argument' : conversion from 'double' to 'float', possible loss of data
     1>c:\uf\teaching\cap5705\prep_assignments\proj3_4_opengl\src\librt\utilities.cpp(193): warning C4244: '=' : conversion from 'double' to 'float', possible loss of data
     1>c:\uf\teaching\cap5705\prep_assignments\proj3_4_opengl\src\librt\utilities.cpp(194): warning C4244: '=' : conversion from 'double' to 'float', possible loss of data
     1>c:\uf\teaching\cap5705\prep_assignments\proj3_4_opengl\src\librt\utilities.cpp(195): warning C4244: '=' : conversion from 'double' to 'float', possible loss of data
     1>c:\uf\teaching\cap5705\prep_assignments\proj3_4_opengl\src\librt\utilities.cpp(198): warning C4244: '=' : conversion from 'double' to 'float', possible loss of data
     1>c:\uf\teaching\cap5705\prep_assignments\proj3_4_opengl\src\librt\utilities.cpp(199): warning C4244: '=' : conversion from 'double' to 'float', possible loss of data
     1>c:\uf\teaching\cap5705\prep_assignments\proj3_4_opengl\src\librt\utilities.cpp(200): warning C4244: '=' : conversion from 'double' to 'float', possible loss of data
     1>c:\uf\teaching\cap5705\prep_assignments\proj3_4_opengl\src\librt\utilities.cpp(203): warning C4244: '=' : conversion from 'double' to 'float', possible loss of data
     1>c:\uf\teaching\cap5705\prep_assignments\proj3_4_opengl\src\librt\utilities.cpp(204): warning C4244: '=' : conversion from 'double' to 'float', possible loss of data
     1>c:\uf\teaching\cap5705\prep_assignments\proj3_4_opengl\src\librt\utilities.cpp(205): warning C4244: '=' : conversion from 'double' to 'float', possible loss of data
     1>c:\uf\teaching\cap5705\prep_assignments\proj3_4_opengl\src\librt\utilities.cpp(245): warning C4244: 'argument' : conversion from 'double' to 'float', possible loss of data
         Triangle.cpp
     1>c:\uf\teaching\cap5705\prep_assignments\proj3_4_opengl\src\librt\include\defs.h(172): warning C4305: 'initializing' : truncation from 'double' to 'float'
     1>c:\uf\teaching\cap5705\prep_assignments\proj3_4_opengl\src\librt\include\defs.h(173): warning C4305: 'initializing' : truncation from 'double' to 'float'
     1>c:\uf\teaching\cap5705\prep_assignments\proj3_4_opengl\src\librt\include\defs.h(174): warning C4305: 'initializing' : truncation from 'double' to 'float'
     1>c:\uf\teaching\cap5705\prep_assignments\proj3_4_opengl\src\librt\include\defs.h(175): warning C4305: 'initializing' : truncation from 'double' to 'float'
     1>c:\uf\teaching\cap5705\prep_assignments\proj3_4_opengl\src\librt\include\defs.h(176): warning C4305: 'initializing' : truncation from 'double' to 'float'
     1>c:\uf\teaching\cap5705\prep_assignments\proj3_4_opengl\src\librt\include\defs.h(177): warning C4305: 'initializing' : truncation from 'double' to 'float'
     1>c:\uf\teaching\cap5705\prep_assignments\proj3_4_opengl\src\librt\include\defs.h(178): warning C4305: 'initializing' : truncation from 'double' to 'float'
     1>c:\uf\teaching\cap5705\prep_assignments\proj3_4_opengl\src\librt\include\defs.h(179): warning C4305: 'initializing' : truncation from 'double' to 'float'
     1>c:\uf\teaching\cap5705\prep_assignments\proj3_4_opengl\src\librt\include\defs.h(180): warning C4305: 'initializing' : truncation from 'double' to 'float'
     1>c:\uf\teaching\cap5705\prep_assignments\proj3_4_opengl\src\librt\include\defs.h(181): warning C4305: 'initializing' : truncation from 'double' to 'float'
     1>c:\uf\teaching\cap5705\prep_assignments\proj3_4_opengl\src\librt\include\defs.h(182): warning C4305: 'initializing' : truncation from 'double' to 'float'
     1>c:\uf\teaching\cap5705\prep_assignments\proj3_4_opengl\src\librt\include\defs.h(183): warning C4305: 'initializing' : truncation from 'double' to 'float'
     1>c:\uf\teaching\cap5705\prep_assignments\proj3_4_opengl\src\librt\include\defs.h(184): warning C4305: 'initializing' : truncation from 'double' to 'float'
     1>c:\uf\teaching\cap5705\prep_assignments\proj3_4_opengl\src\librt\include\defs.h(185): warning C4305: 'initializing' : truncation from 'double' to 'float'
     1>c:\uf\teaching\cap5705\prep_assignments\proj3_4_opengl\src\librt\include\defs.h(186): warning C4305: 'initializing' : truncation from 'double' to 'float'
     1>c:\uf\teaching\cap5705\prep_assignments\proj3_4_opengl\src\librt\include\defs.h(187): warning C4305: 'initializing' : truncation from 'double' to 'float'
     1>c:\uf\teaching\cap5705\prep_assignments\proj3_4_opengl\src\librt\include\defs.h(188): warning C4305: 'initializing' : truncation from 'double' to 'float'
     1>c:\uf\teaching\cap5705\prep_assignments\proj3_4_opengl\src\librt\include\defs.h(189): warning C4305: 'initializing' : truncation from 'double' to 'float'
     1>c:\uf\teaching\cap5705\prep_assignments\proj3_4_opengl\src\librt\include\defs.h(190): warning C4305: 'initializing' : truncation from 'double' to 'float'
     1>c:\uf\teaching\cap5705\prep_assignments\proj3_4_opengl\src\librt\include\defs.h(191): warning C4305: 'initializing' : truncation from 'double' to 'float'
     1>c:\uf\teaching\cap5705\prep_assignments\proj3_4_opengl\src\librt\include\defs.h(192): warning C4305: 'initializing' : truncation from 'double' to 'float'
     1>c:\uf\teaching\cap5705\prep_assignments\proj3_4_opengl\src\librt\include\defs.h(193): warning C4305: 'initializing' : truncation from 'double' to 'float'
     1>c:\uf\teaching\cap5705\prep_assignments\proj3_4_opengl\src\librt\include\defs.h(194): warning C4305: 'initializing' : truncation from 'double' to 'float'
     1>c:\uf\teaching\cap5705\prep_assignments\proj3_4_opengl\src\librt\include\defs.h(195): warning C4305: 'initializing' : truncation from 'double' to 'float'
     1>c:\uf\teaching\cap5705\prep_assignments\proj3_4_opengl\src\librt\include\defs.h(196): warning C4305: 'initializing' : truncation from 'double' to 'float'
     1>c:\uf\teaching\cap5705\prep_assignments\proj3_4_opengl\src\librt\include\defs.h(197): warning C4305: 'initializing' : truncation from 'double' to 'float'
     1>c:\uf\teaching\cap5705\prep_assignments\proj3_4_opengl\src\librt\include\defs.h(198): warning C4305: 'initializing' : truncation from 'double' to 'float'
     1>c:\uf\teaching\cap5705\prep_assignments\proj3_4_opengl\src\librt\include\defs.h(199): warning C4305: 'initializing' : truncation from 'double' to 'float'
     1>c:\uf\teaching\cap5705\prep_assignments\proj3_4_opengl\src\librt\include\defs.h(200): warning C4305: 'initializing' : truncation from 'double' to 'float'
     1>c:\uf\teaching\cap5705\prep_assignments\proj3_4_opengl\src\librt\include\defs.h(201): warning C4305: 'initializing' : truncation from 'double' to 'float'
     1>c:\uf\teaching\cap5705\prep_assignments\proj3_4_opengl\src\librt\include\defs.h(202): warning C4305: 'initializing' : truncation from 'double' to 'float'
     1>c:\uf\teaching\cap5705\prep_assignments\proj3_4_opengl\src\librt\include\defs.h(203): warning C4305: 'initializing' : truncation from 'double' to 'float'
     1>c:\uf\teaching\cap5705\prep_assignments\proj3_4_opengl\src\librt\include\defs.h(204): warning C4305: 'initializing' : truncation from 'double' to 'float'
     1>c:\uf\teaching\cap5705\prep_assignments\proj3_4_opengl\src\librt\include\defs.h(205): warning C4305: 'initializing' : truncation from 'double' to 'float'
     1>c:\uf\teaching\cap5705\prep_assignments\proj3_4_opengl\src\librt\include\defs.h(206): warning C4305: 'initializing' : truncation from 'double' to 'float'
     1>c:\uf\teaching\cap5705\prep_assignments\proj3_4_opengl\src\librt\include\defs.h(207): warning C4305: 'initializing' : truncation from 'double' to 'float'
     1>c:\uf\teaching\cap5705\prep_assignments\proj3_4_opengl\src\librt\include\defs.h(208): warning C4305: 'initializing' : truncation from 'double' to 'float'
     1>c:\uf\teaching\cap5705\prep_assignments\proj3_4_opengl\src\librt\include\defs.h(209): warning C4305: 'initializing' : truncation from 'double' to 'float'
     1>c:\uf\teaching\cap5705\prep_assignments\proj3_4_opengl\src\librt\include\defs.h(210): warning C4305: 'initializing' : truncation from 'double' to 'float'
     1>c:\uf\teaching\cap5705\prep_assignments\proj3_4_opengl\src\librt\include\defs.h(211): warning C4305: 'initializing' : truncation from 'double' to 'float'
     1>c:\uf\teaching\cap5705\prep_assignments\proj3_4_opengl\src\librt\include\defs.h(212): warning C4305: 'initializing' : truncation from 'double' to 'float'
         TransformNode.cpp
         Surface.cpp
     1>c:\uf\teaching\cap5705\prep_assignments\proj3_4_opengl\src\librt\include\defs.h(172): warning C4305: 'initializing' : truncation from 'double' to 'float'
     1>c:\uf\teaching\cap5705\prep_assignments\proj3_4_opengl\src\librt\include\defs.h(173): warning C4305: 'initializing' : truncation from 'double' to 'float'
     1>c:\uf\teaching\cap5705\prep_assignments\proj3_4_opengl\src\librt\include\defs.h(174): warning C4305: 'initializing' : truncation from 'double' to 'float'
     1>c:\uf\teaching\cap5705\prep_assignments\proj3_4_opengl\src\librt\include\defs.h(175): warning C4305: 'initializing' : truncation from 'double' to 'float'
     1>c:\uf\teaching\cap5705\prep_assignments\proj3_4_opengl\src\librt\include\defs.h(176): warning C4305: 'initializing' : truncation from 'double' to 'float'
     1>c:\uf\teaching\cap5705\prep_assignments\proj3_4_opengl\src\librt\include\defs.h(177): warning C4305: 'initializing' : truncation from 'double' to 'float'
     1>c:\uf\teaching\cap5705\prep_assignments\proj3_4_opengl\src\librt\include\defs.h(178): warning C4305: 'initializing' : truncation from 'double' to 'float'
     1>c:\uf\teaching\cap5705\prep_assignments\proj3_4_opengl\src\librt\include\defs.h(179): warning C4305: 'initializing' : truncation from 'double' to 'float'
     1>c:\uf\teaching\cap5705\prep_assignments\proj3_4_opengl\src\librt\include\defs.h(180): warning C4305: 'initializing' : truncation from 'double' to 'float'
     1>c:\uf\teaching\cap5705\prep_assignments\proj3_4_opengl\src\librt\include\defs.h(181): warning C4305: 'initializing' : truncation from 'double' to 'float'
     1>c:\uf\teaching\cap5705\prep_assignments\proj3_4_opengl\src\librt\include\defs.h(182): warning C4305: 'initializing' : truncation from 'double' to 'float'
     1>c:\uf\teaching\cap5705\prep_assignments\proj3_4_opengl\src\librt\include\defs.h(183): warning C4305: 'initializing' : truncation from 'double' to 'float'
     1>c:\uf\teaching\cap5705\prep_assignments\proj3_4_opengl\src\librt\include\defs.h(184): warning C4305: 'initializing' : truncation from 'double' to 'float'
     1>c:\uf\teaching\cap5705\prep_assignments\proj3_4_opengl\src\librt\include\defs.h(185): warning C4305: 'initializing' : truncation from 'double' to 'float'
     1>c:\uf\teaching\cap5705\prep_assignments\proj3_4_opengl\src\librt\include\defs.h(186): warning C4305: 'initializing' : truncation from 'double' to 'float'
     1>c:\uf\teaching\cap5705\prep_assignments\proj3_4_opengl\src\librt\include\defs.h(187): warning C4305: 'initializing' : truncation from 'double' to 'float'
     1>c:\uf\teaching\cap5705\prep_assignments\proj3_4_opengl\src\librt\include\defs.h(188): warning C4305: 'initializing' : truncation from 'double' to 'float'
     1>c:\uf\teaching\cap5705\prep_assignments\proj3_4_opengl\src\librt\include\defs.h(189): warning C4305: 'initializing' : truncation from 'double' to 'float'
     1>c:\uf\teaching\cap5705\prep_assignments\proj3_4_opengl\src\librt\include\defs.h(190): warning C4305: 'initializing' : truncation from 'double' to 'float'
     1>c:\uf\teaching\cap5705\prep_assignments\proj3_4_opengl\src\librt\include\defs.h(191): warning C4305: 'initializing' : truncation from 'double' to 'float'
     1>c:\uf\teaching\cap5705\prep_assignments\proj3_4_opengl\src\librt\include\defs.h(192): warning C4305: 'initializing' : truncation from 'double' to 'float'
     1>c:\uf\teaching\cap5705\prep_assignments\proj3_4_opengl\src\librt\include\defs.h(193): warning C4305: 'initializing' : truncation from 'double' to 'float'
     1>c:\uf\teaching\cap5705\prep_assignments\proj3_4_opengl\src\librt\include\defs.h(194): warning C4305: 'initializing' : truncation from 'double' to 'float'
     1>c:\uf\teaching\cap5705\prep_assignments\proj3_4_opengl\src\librt\include\defs.h(195): warning C4305: 'initializing' : truncation from 'double' to 'float'
     1>c:\uf\teaching\cap5705\prep_assignments\proj3_4_opengl\src\librt\include\defs.h(196): warning C4305: 'initializing' : truncation from 'double' to 'float'
     1>c:\uf\teaching\cap5705\prep_assignments\proj3_4_opengl\src\librt\include\defs.h(197): warning C4305: 'initializing' : truncation from 'double' to 'float'
     1>c:\uf\teaching\cap5705\prep_assignments\proj3_4_opengl\src\librt\include\defs.h(198): warning C4305: 'initializing' : truncation from 'double' to 'float'
     1>c:\uf\teaching\cap5705\prep_assignments\proj3_4_opengl\src\librt\include\defs.h(199): warning C4305: 'initializing' : truncation from 'double' to 'float'
     1>c:\uf\teaching\cap5705\prep_assignments\proj3_4_opengl\src\librt\include\defs.h(200): warning C4305: 'initializing' : truncation from 'double' to 'float'
     1>c:\uf\teaching\cap5705\prep_assignments\proj3_4_opengl\src\librt\include\defs.h(201): warning C4305: 'initializing' : truncation from 'double' to 'float'
     1>c:\uf\teaching\cap5705\prep_assignments\proj3_4_opengl\src\librt\include\defs.h(202): warning C4305: 'initializing' : truncation from 'double' to 'float'
     1>c:\uf\teaching\cap5705\prep_assignments\proj3_4_opengl\src\librt\include\defs.h(203): warning C4305: 'initializing' : truncation from 'double' to 'float'
     1>c:\uf\teaching\cap5705\prep_assignments\proj3_4_opengl\src\librt\include\defs.h(204): warning C4305: 'initializing' : truncation from 'double' to 'float'
     1>c:\uf\teaching\cap5705\prep_assignments\proj3_4_opengl\src\librt\include\defs.h(205): warning C4305: 'initializing' : truncation from 'double' to 'float'
     1>c:\uf\teaching\cap5705\prep_assignments\proj3_4_opengl\src\librt\include\defs.h(206): warning C4305: 'initializing' : truncation from 'double' to 'float'
     1>c:\uf\teaching\cap5705\prep_assignments\proj3_4_opengl\src\librt\include\defs.h(207): warning C4305: 'initializing' : truncation from 'double' to 'float'
     1>c:\uf\teaching\cap5705\prep_assignments\proj3_4_opengl\src\librt\include\defs.h(208): warning C4305: 'initializing' : truncation from 'double' to 'float'
     1>c:\uf\teaching\cap5705\prep_assignments\proj3_4_opengl\src\librt\include\defs.h(209): warning C4305: 'initializing' : truncation from 'double' to 'float'
     1>c:\uf\teaching\cap5705\prep_assignments\proj3_4_opengl\src\librt\include\defs.h(210): warning C4305: 'initializing' : truncation from 'double' to 'float'
     1>c:\uf\teaching\cap5705\prep_assignments\proj3_4_opengl\src\librt\include\defs.h(211): warning C4305: 'initializing' : truncation from 'double' to 'float'
     1>c:\uf\teaching\cap5705\prep_assignments\proj3_4_opengl\src\librt\include\defs.h(212): warning C4305: 'initializing' : truncation from 'double' to 'float'
         Sphere.cpp
     1>c:\uf\teaching\cap5705\prep_assignments\proj3_4_opengl\src\librt\include\defs.h(172): warning C4305: 'initializing' : truncation from 'double' to 'float'
     1>c:\uf\teaching\cap5705\prep_assignments\proj3_4_opengl\src\librt\include\defs.h(173): warning C4305: 'initializing' : truncation from 'double' to 'float'
     1>c:\uf\teaching\cap5705\prep_assignments\proj3_4_opengl\src\librt\include\defs.h(174): warning C4305: 'initializing' : truncation from 'double' to 'float'
     1>c:\uf\teaching\cap5705\prep_assignments\proj3_4_opengl\src\librt\include\defs.h(175): warning C4305: 'initializing' : truncation from 'double' to 'float'
     1>c:\uf\teaching\cap5705\prep_assignments\proj3_4_opengl\src\librt\include\defs.h(176): warning C4305: 'initializing' : truncation from 'double' to 'float'
     1>c:\uf\teaching\cap5705\prep_assignments\proj3_4_opengl\src\librt\include\defs.h(177): warning C4305: 'initializing' : truncation from 'double' to 'float'
     1>c:\uf\teaching\cap5705\prep_assignments\proj3_4_opengl\src\librt\include\defs.h(178): warning C4305: 'initializing' : truncation from 'double' to 'float'
     1>c:\uf\teaching\cap5705\prep_assignments\proj3_4_opengl\src\librt\include\defs.h(179): warning C4305: 'initializing' : truncation from 'double' to 'float'
     1>c:\uf\teaching\cap5705\prep_assignments\proj3_4_opengl\src\librt\include\defs.h(180): warning C4305: 'initializing' : truncation from 'double' to 'float'
     1>c:\uf\teaching\cap5705\prep_assignments\proj3_4_opengl\src\librt\include\defs.h(181): warning C4305: 'initializing' : truncation from 'double' to 'float'
     1>c:\uf\teaching\cap5705\prep_assignments\proj3_4_opengl\src\librt\include\defs.h(182): warning C4305: 'initializing' : truncation from 'double' to 'float'
     1>c:\uf\teaching\cap5705\prep_assignments\proj3_4_opengl\src\librt\include\defs.h(183): warning C4305: 'initializing' : truncation from 'double' to 'float'
     1>c:\uf\teaching\cap5705\prep_assignments\proj3_4_opengl\src\librt\include\defs.h(184): warning C4305: 'initializing' : truncation from 'double' to 'float'
     1>c:\uf\teaching\cap5705\prep_assignments\proj3_4_opengl\src\librt\include\defs.h(185): warning C4305: 'initializing' : truncation from 'double' to 'float'
     1>c:\uf\teaching\cap5705\prep_assignments\proj3_4_opengl\src\librt\include\defs.h(186): warning C4305: 'initializing' : truncation from 'double' to 'float'
     1>c:\uf\teaching\cap5705\prep_assignments\proj3_4_opengl\src\librt\include\defs.h(187): warning C4305: 'initializing' : truncation from 'double' to 'float'
     1>c:\uf\teaching\cap5705\prep_assignments\proj3_4_opengl\src\librt\include\defs.h(188): warning C4305: 'initializing' : truncation from 'double' to 'float'
     1>c:\uf\teaching\cap5705\prep_assignments\proj3_4_opengl\src\librt\include\defs.h(189): warning C4305: 'initializing' : truncation from 'double' to 'float'
     1>c:\uf\teaching\cap5705\prep_assignments\proj3_4_opengl\src\librt\include\defs.h(190): warning C4305: 'initializing' : truncation from 'double' to 'float'
     1>c:\uf\teaching\cap5705\prep_assignments\proj3_4_opengl\src\librt\include\defs.h(191): warning C4305: 'initializing' : truncation from 'double' to 'float'
     1>c:\uf\teaching\cap5705\prep_assignments\proj3_4_opengl\src\librt\include\defs.h(192): warning C4305: 'initializing' : truncation from 'double' to 'float'
     1>c:\uf\teaching\cap5705\prep_assignments\proj3_4_opengl\src\librt\include\defs.h(193): warning C4305: 'initializing' : truncation from 'double' to 'float'
     1>c:\uf\teaching\cap5705\prep_assignments\proj3_4_opengl\src\librt\include\defs.h(194): warning C4305: 'initializing' : truncation from 'double' to 'float'
     1>c:\uf\teaching\cap5705\prep_assignments\proj3_4_opengl\src\librt\include\defs.h(195): warning C4305: 'initializing' : truncation from 'double' to 'float'
     1>c:\uf\teaching\cap5705\prep_assignments\proj3_4_opengl\src\librt\include\defs.h(196): warning C4305: 'initializing' : truncation from 'double' to 'float'
     1>c:\uf\teaching\cap5705\prep_assignments\proj3_4_opengl\src\librt\include\defs.h(197): warning C4305: 'initializing' : truncation from 'double' to 'float'
     1>c:\uf\teaching\cap5705\prep_assignments\proj3_4_opengl\src\librt\include\defs.h(198): warning C4305: 'initializing' : truncation from 'double' to 'float'
     1>c:\uf\teaching\cap5705\prep_assignments\proj3_4_opengl\src\librt\include\defs.h(199): warning C4305: 'initializing' : truncation from 'double' to 'float'
     1>c:\uf\teaching\cap5705\prep_assignments\proj3_4_opengl\src\librt\include\defs.h(200): warning C4305: 'initializing' : truncation from 'double' to 'float'
     1>c:\uf\teaching\cap5705\prep_assignments\proj3_4_opengl\src\librt\include\defs.h(201): warning C4305: 'initializing' : truncation from 'double' to 'float'
     1>c:\uf\teaching\cap5705\prep_assignments\proj3_4_opengl\src\librt\include\defs.h(202): warning C4305: 'initializing' : truncation from 'double' to 'float'
     1>c:\uf\teaching\cap5705\prep_assignments\proj3_4_opengl\src\librt\include\defs.h(203): warning C4305: 'initializing' : truncation from 'double' to 'float'
     1>c:\uf\teaching\cap5705\prep_assignments\proj3_4_opengl\src\librt\include\defs.h(204): warning C4305: 'initializing' : truncation from 'double' to 'float'
     1>c:\uf\teaching\cap5705\prep_assignments\proj3_4_opengl\src\librt\include\defs.h(205): warning C4305: 'initializing' : truncation from 'double' to 'float'
     1>c:\uf\teaching\cap5705\prep_assignments\proj3_4_opengl\src\librt\include\defs.h(206): warning C4305: 'initializing' : truncation from 'double' to 'float'
     1>c:\uf\teaching\cap5705\prep_assignments\proj3_4_opengl\src\librt\include\defs.h(207): warning C4305: 'initializing' : truncation from 'double' to 'float'
     1>c:\uf\teaching\cap5705\prep_assignments\proj3_4_opengl\src\librt\include\defs.h(208): warning C4305: 'initializing' : truncation from 'double' to 'float'
     1>c:\uf\teaching\cap5705\prep_assignments\proj3_4_opengl\src\librt\include\defs.h(209): warning C4305: 'initializing' : truncation from 'double' to 'float'
     1>c:\uf\teaching\cap5705\prep_assignments\proj3_4_opengl\src\librt\include\defs.h(210): warning C4305: 'initializing' : truncation from 'double' to 'float'
     1>c:\uf\teaching\cap5705\prep_assignments\proj3_4_opengl\src\librt\include\defs.h(211): warning C4305: 'initializing' : truncation from 'double' to 'float'
     1>c:\uf\teaching\cap5705\prep_assignments\proj3_4_opengl\src\librt\include\defs.h(212): warning C4305: 'initializing' : truncation from 'double' to 'float'
         Shader.cpp
     1>c:\uf\teaching\cap5705\prep_assignments\proj3_4_opengl\src\librt\include\defs.h(172): warning C4305: 'initializing' : truncation from 'double' to 'float'
     1>c:\uf\teaching\cap5705\prep_assignments\proj3_4_opengl\src\librt\include\defs.h(173): warning C4305: 'initializing' : truncation from 'double' to 'float'
     1>c:\uf\teaching\cap5705\prep_assignments\proj3_4_opengl\src\librt\include\defs.h(174): warning C4305: 'initializing' : truncation from 'double' to 'float'
     1>c:\uf\teaching\cap5705\prep_assignments\proj3_4_opengl\src\librt\include\defs.h(175): warning C4305: 'initializing' : truncation from 'double' to 'float'
     1>c:\uf\teaching\cap5705\prep_assignments\proj3_4_opengl\src\librt\include\defs.h(176): warning C4305: 'initializing' : truncation from 'double' to 'float'
     1>c:\uf\teaching\cap5705\prep_assignments\proj3_4_opengl\src\librt\include\defs.h(177): warning C4305: 'initializing' : truncation from 'double' to 'float'
     1>c:\uf\teaching\cap5705\prep_assignments\proj3_4_opengl\src\librt\include\defs.h(178): warning C4305: 'initializing' : truncation from 'double' to 'float'
     1>c:\uf\teaching\cap5705\prep_assignments\proj3_4_opengl\src\librt\include\defs.h(179): warning C4305: 'initializing' : truncation from 'double' to 'float'
     1>c:\uf\teaching\cap5705\prep_assignments\proj3_4_opengl\src\librt\include\defs.h(180): warning C4305: 'initializing' : truncation from 'double' to 'float'
     1>c:\uf\teaching\cap5705\prep_assignments\proj3_4_opengl\src\librt\include\defs.h(181): warning C4305: 'initializing' : truncation from 'double' to 'float'
     1>c:\uf\teaching\cap5705\prep_assignments\proj3_4_opengl\src\librt\include\defs.h(182): warning C4305: 'initializing' : truncation from 'double' to 'float'
     1>c:\uf\teaching\cap5705\prep_assignments\proj3_4_opengl\src\librt\include\defs.h(183): warning C4305: 'initializing' : truncation from 'double' to 'float'
     1>c:\uf\teaching\cap5705\prep_assignments\proj3_4_opengl\src\librt\include\defs.h(184): warning C4305: 'initializing' : truncation from 'double' to 'float'
     1>c:\uf\teaching\cap5705\prep_assignments\proj3_4_opengl\src\librt\include\defs.h(185): warning C4305: 'initializing' : truncation from 'double' to 'float'
     1>c:\uf\teaching\cap5705\prep_assignments\proj3_4_opengl\src\librt\include\defs.h(186): warning C4305: 'initializing' : truncation from 'double' to 'float'
     1>c:\uf\teaching\cap5705\prep_assignments\proj3_4_opengl\src\librt\include\defs.h(187): warning C4305: 'initializing' : truncation from 'double' to 'float'
     1>c:\uf\teaching\cap5705\prep_assignments\proj3_4_opengl\src\librt\include\defs.h(188): warning C4305: 'initializing' : truncation from 'double' to 'float'
     1>c:\uf\teaching\cap5705\prep_assignments\proj3_4_opengl\src\librt\include\defs.h(189): warning C4305: 'initializing' : truncation from 'double' to 'float'
     1>c:\uf\teaching\cap5705\prep_assignments\proj3_4_opengl\src\librt\include\defs.h(190): warning C4305: 'initializing' : truncation from 'double' to 'float'
     1>c:\uf\teaching\cap5705\prep_assignments\proj3_4_opengl\src\librt\include\defs.h(191): warning C4305: 'initializing' : truncation from 'double' to 'float'
     1>c:\uf\teaching\cap5705\prep_assignments\proj3_4_opengl\src\librt\include\defs.h(192): warning C4305: 'initializing' : truncation from 'double' to 'float'
     1>c:\uf\teaching\cap5705\prep_assignments\proj3_4_opengl\src\librt\include\defs.h(193): warning C4305: 'initializing' : truncation from 'double' to 'float'
     1>c:\uf\teaching\cap5705\prep_assignments\proj3_4_opengl\src\librt\include\defs.h(194): warning C4305: 'initializing' : truncation from 'double' to 'float'
     1>c:\uf\teaching\cap5705\prep_assignments\proj3_4_opengl\src\librt\include\defs.h(195): warning C4305: 'initializing' : truncation from 'double' to 'float'
     1>c:\uf\teaching\cap5705\prep_assignments\proj3_4_opengl\src\librt\include\defs.h(196): warning C4305: 'initializing' : truncation from 'double' to 'float'
     1>c:\uf\teaching\cap5705\prep_assignments\proj3_4_opengl\src\librt\include\defs.h(197): warning C4305: 'initializing' : truncation from 'double' to 'float'
     1>c:\uf\teaching\cap5705\prep_assignments\proj3_4_opengl\src\librt\include\defs.h(198): warning C4305: 'initializing' : truncation from 'double' to 'float'
     1>c:\uf\teaching\cap5705\prep_assignments\proj3_4_opengl\src\librt\include\defs.h(199): warning C4305: 'initializing' : truncation from 'double' to 'float'
     1>c:\uf\teaching\cap5705\prep_assignments\proj3_4_opengl\src\librt\include\defs.h(200): warning C4305: 'initializing' : truncation from 'double' to 'float'
     1>c:\uf\teaching\cap5705\prep_assignments\proj3_4_opengl\src\librt\include\defs.h(201): warning C4305: 'initializing' : truncation from 'double' to 'float'
     1>c:\uf\teaching\cap5705\prep_assignments\proj3_4_opengl\src\librt\include\defs.h(202): warning C4305: 'initializing' : truncation from 'double' to 'float'
     1>c:\uf\teaching\cap5705\prep_assignments\proj3_4_opengl\src\librt\include\defs.h(203): warning C4305: 'initializing' : truncation from 'double' to 'float'
     1>c:\uf\teaching\cap5705\prep_assignments\proj3_4_opengl\src\librt\include\defs.h(204): warning C4305: 'initializing' : truncation from 'double' to 'float'
     1>c:\uf\teaching\cap5705\prep_assignments\proj3_4_opengl\src\librt\include\defs.h(205): warning C4305: 'initializing' : truncation from 'double' to 'float'
     1>c:\uf\teaching\cap5705\prep_assignments\proj3_4_opengl\src\librt\include\defs.h(206): warning C4305: 'initializing' : truncation from 'double' to 'float'
     1>c:\uf\teaching\cap5705\prep_assignments\proj3_4_opengl\src\librt\include\defs.h(207): warning C4305: 'initializing' : truncation from 'double' to 'float'
     1>c:\uf\teaching\cap5705\prep_assignments\proj3_4_opengl\src\librt\include\defs.h(208): warning C4305: 'initializing' : truncation from 'double' to 'float'
     1>c:\uf\teaching\cap5705\prep_assignments\proj3_4_opengl\src\librt\include\defs.h(209): warning C4305: 'initializing' : truncation from 'double' to 'float'
     1>c:\uf\teaching\cap5705\prep_assignments\proj3_4_opengl\src\librt\include\defs.h(210): warning C4305: 'initializing' : truncation from 'double' to 'float'
     1>c:\uf\teaching\cap5705\prep_assignments\proj3_4_opengl\src\librt\include\defs.h(211): warning C4305: 'initializing' : truncation from 'double' to 'float'
     1>c:\uf\teaching\cap5705\prep_assignments\proj3_4_opengl\src\librt\include\defs.h(212): warning C4305: 'initializing' : truncation from 'double' to 'float'
         SceneNode.cpp
         Scene.cpp
     1>c:\uf\teaching\cap5705\prep_assignments\proj3_4_opengl\src\librt\include\defs.h(172): warning C4305: 'initializing' : truncation from 'double' to 'float'
     1>c:\uf\teaching\cap5705\prep_assignments\proj3_4_opengl\src\librt\include\defs.h(173): warning C4305: 'initializing' : truncation from 'double' to 'float'
     1>c:\uf\teaching\cap5705\prep_assignments\proj3_4_opengl\src\librt\include\defs.h(174): warning C4305: 'initializing' : truncation from 'double' to 'float'
     1>c:\uf\teaching\cap5705\prep_assignments\proj3_4_opengl\src\librt\include\defs.h(175): warning C4305: 'initializing' : truncation from 'double' to 'float'
     1>c:\uf\teaching\cap5705\prep_assignments\proj3_4_opengl\src\librt\include\defs.h(176): warning C4305: 'initializing' : truncation from 'double' to 'float'
     1>c:\uf\teaching\cap5705\prep_assignments\proj3_4_opengl\src\librt\include\defs.h(177): warning C4305: 'initializing' : truncation from 'double' to 'float'
     1>c:\uf\teaching\cap5705\prep_assignments\proj3_4_opengl\src\librt\include\defs.h(178): warning C4305: 'initializing' : truncation from 'double' to 'float'
     1>c:\uf\teaching\cap5705\prep_assignments\proj3_4_opengl\src\librt\include\defs.h(179): warning C4305: 'initializing' : truncation from 'double' to 'float'
     1>c:\uf\teaching\cap5705\prep_assignments\proj3_4_opengl\src\librt\include\defs.h(180): warning C4305: 'initializing' : truncation from 'double' to 'float'
     1>c:\uf\teaching\cap5705\prep_assignments\proj3_4_opengl\src\librt\include\defs.h(181): warning C4305: 'initializing' : truncation from 'double' to 'float'
     1>c:\uf\teaching\cap5705\prep_assignments\proj3_4_opengl\src\librt\include\defs.h(182): warning C4305: 'initializing' : truncation from 'double' to 'float'
     1>c:\uf\teaching\cap5705\prep_assignments\proj3_4_opengl\src\librt\include\defs.h(183): warning C4305: 'initializing' : truncation from 'double' to 'float'
     1>c:\uf\teaching\cap5705\prep_assignments\proj3_4_opengl\src\librt\include\defs.h(184): warning C4305: 'initializing' : truncation from 'double' to 'float'
     1>c:\uf\teaching\cap5705\prep_assignments\proj3_4_opengl\src\librt\include\defs.h(185): warning C4305: 'initializing' : truncation from 'double' to 'float'
     1>c:\uf\teaching\cap5705\prep_assignments\proj3_4_opengl\src\librt\include\defs.h(186): warning C4305: 'initializing' : truncation from 'double' to 'float'
     1>c:\uf\teaching\cap5705\prep_assignments\proj3_4_opengl\src\librt\include\defs.h(187): warning C4305: 'initializing' : truncation from 'double' to 'float'
     1>c:\uf\teaching\cap5705\prep_assignments\proj3_4_opengl\src\librt\include\defs.h(188): warning C4305: 'initializing' : truncation from 'double' to 'float'
     1>c:\uf\teaching\cap5705\prep_assignments\proj3_4_opengl\src\librt\include\defs.h(189): warning C4305: 'initializing' : truncation from 'double' to 'float'
     1>c:\uf\teaching\cap5705\prep_assignments\proj3_4_opengl\src\librt\include\defs.h(190): warning C4305: 'initializing' : truncation from 'double' to 'float'
     1>c:\uf\teaching\cap5705\prep_assignments\proj3_4_opengl\src\librt\include\defs.h(191): warning C4305: 'initializing' : truncation from 'double' to 'float'
     1>c:\uf\teaching\cap5705\prep_assignments\proj3_4_opengl\src\librt\include\defs.h(192): warning C4305: 'initializing' : truncation from 'double' to 'float'
     1>c:\uf\teaching\cap5705\prep_assignments\proj3_4_opengl\src\librt\include\defs.h(193): warning C4305: 'initializing' : truncation from 'double' to 'float'
     1>c:\uf\teaching\cap5705\prep_assignments\proj3_4_opengl\src\librt\include\defs.h(194): warning C4305: 'initializing' : truncation from 'double' to 'float'
     1>c:\uf\teaching\cap5705\prep_assignments\proj3_4_opengl\src\librt\include\defs.h(195): warning C4305: 'initializing' : truncation from 'double' to 'float'
     1>c:\uf\teaching\cap5705\prep_assignments\proj3_4_opengl\src\librt\include\defs.h(196): warning C4305: 'initializing' : truncation from 'double' to 'float'
     1>c:\uf\teaching\cap5705\prep_assignments\proj3_4_opengl\src\librt\include\defs.h(197): warning C4305: 'initializing' : truncation from 'double' to 'float'
     1>c:\uf\teaching\cap5705\prep_assignments\proj3_4_opengl\src\librt\include\defs.h(198): warning C4305: 'initializing' : truncation from 'double' to 'float'
     1>c:\uf\teaching\cap5705\prep_assignments\proj3_4_opengl\src\librt\include\defs.h(199): warning C4305: 'initializing' : truncation from 'double' to 'float'
     1>c:\uf\teaching\cap5705\prep_assignments\proj3_4_opengl\src\librt\include\defs.h(200): warning C4305: 'initializing' : truncation from 'double' to 'float'
     1>c:\uf\teaching\cap5705\prep_assignments\proj3_4_opengl\src\librt\include\defs.h(201): warning C4305: 'initializing' : truncation from 'double' to 'float'
     1>c:\uf\teaching\cap5705\prep_assignments\proj3_4_opengl\src\librt\include\defs.h(202): warning C4305: 'initializing' : truncation from 'double' to 'float'
     1>c:\uf\teaching\cap5705\prep_assignments\proj3_4_opengl\src\librt\include\defs.h(203): warning C4305: 'initializing' : truncation from 'double' to 'float'
     1>c:\uf\teaching\cap5705\prep_assignments\proj3_4_opengl\src\librt\include\defs.h(204): warning C4305: 'initializing' : truncation from 'double' to 'float'
     1>c:\uf\teaching\cap5705\prep_assignments\proj3_4_opengl\src\librt\include\defs.h(205): warning C4305: 'initializing' : truncation from 'double' to 'float'
     1>c:\uf\teaching\cap5705\prep_assignments\proj3_4_opengl\src\librt\include\defs.h(206): warning C4305: 'initializing' : truncation from 'double' to 'float'
     1>c:\uf\teaching\cap5705\prep_assignments\proj3_4_opengl\src\librt\include\defs.h(207): warning C4305: 'initializing' : truncation from 'double' to 'float'
     1>c:\uf\teaching\cap5705\prep_assignments\proj3_4_opengl\src\librt\include\defs.h(208): warning C4305: 'initializing' : truncation from 'double' to 'float'
     1>c:\uf\teaching\cap5705\prep_assignments\proj3_4_opengl\src\librt\include\defs.h(209): warning C4305: 'initializing' : truncation from 'double' to 'float'
     1>c:\uf\teaching\cap5705\prep_assignments\proj3_4_opengl\src\librt\include\defs.h(210): warning C4305: 'initializing' : truncation from 'double' to 'float'
     1>c:\uf\teaching\cap5705\prep_assignments\proj3_4_opengl\src\librt\include\defs.h(211): warning C4305: 'initializing' : truncation from 'double' to 'float'
     1>c:\uf\teaching\cap5705\prep_assignments\proj3_4_opengl\src\librt\include\defs.h(212): warning C4305: 'initializing' : truncation from 'double' to 'float'
     1>c:\uf\teaching\cap5705\prep_assignments\proj3_4_opengl\src\librt\scene.cpp(492): warning C4244: 'argument' : conversion from 'GLdouble' to 'float', possible loss of data
     1>c:\uf\teaching\cap5705\prep_assignments\proj3_4_opengl\src\librt\scene.cpp(541): warning C4244: 'argument' : conversion from 'GLdouble' to 'float', possible loss of data
     1>c:\uf\teaching\cap5705\prep_assignments\proj3_4_opengl\src\librt\scene.cpp(542): warning C4244: 'argument' : conversion from 'GLdouble' to 'float', possible loss of data
         RGBR_f.cpp
         RayTracer.cpp
     1>c:\uf\teaching\cap5705\prep_assignments\proj3_4_opengl\src\librt\include\defs.h(172): warning C4305: 'initializing' : truncation from 'double' to 'float'
     1>c:\uf\teaching\cap5705\prep_assignments\proj3_4_opengl\src\librt\include\defs.h(173): warning C4305: 'initializing' : truncation from 'double' to 'float'
     1>c:\uf\teaching\cap5705\prep_assignments\proj3_4_opengl\src\librt\include\defs.h(174): warning C4305: 'initializing' : truncation from 'double' to 'float'
     1>c:\uf\teaching\cap5705\prep_assignments\proj3_4_opengl\src\librt\include\defs.h(175): warning C4305: 'initializing' : truncation from 'double' to 'float'
     1>c:\uf\teaching\cap5705\prep_assignments\proj3_4_opengl\src\librt\include\defs.h(176): warning C4305: 'initializing' : truncation from 'double' to 'float'
     1>c:\uf\teaching\cap5705\prep_assignments\proj3_4_opengl\src\librt\include\defs.h(177): warning C4305: 'initializing' : truncation from 'double' to 'float'
     1>c:\uf\teaching\cap5705\prep_assignments\proj3_4_opengl\src\librt\include\defs.h(178): warning C4305: 'initializing' : truncation from 'double' to 'float'
     1>c:\uf\teaching\cap5705\prep_assignments\proj3_4_opengl\src\librt\include\defs.h(179): warning C4305: 'initializing' : truncation from 'double' to 'float'
     1>c:\uf\teaching\cap5705\prep_assignments\proj3_4_opengl\src\librt\include\defs.h(180): warning C4305: 'initializing' : truncation from 'double' to 'float'
     1>c:\uf\teaching\cap5705\prep_assignments\proj3_4_opengl\src\librt\include\defs.h(181): warning C4305: 'initializing' : truncation from 'double' to 'float'
     1>c:\uf\teaching\cap5705\prep_assignments\proj3_4_opengl\src\librt\include\defs.h(182): warning C4305: 'initializing' : truncation from 'double' to 'float'
     1>c:\uf\teaching\cap5705\prep_assignments\proj3_4_opengl\src\librt\include\defs.h(183): warning C4305: 'initializing' : truncation from 'double' to 'float'
     1>c:\uf\teaching\cap5705\prep_assignments\proj3_4_opengl\src\librt\include\defs.h(184): warning C4305: 'initializing' : truncation from 'double' to 'float'
     1>c:\uf\teaching\cap5705\prep_assignments\proj3_4_opengl\src\librt\include\defs.h(185): warning C4305: 'initializing' : truncation from 'double' to 'float'
     1>c:\uf\teaching\cap5705\prep_assignments\proj3_4_opengl\src\librt\include\defs.h(186): warning C4305: 'initializing' : truncation from 'double' to 'float'
     1>c:\uf\teaching\cap5705\prep_assignments\proj3_4_opengl\src\librt\include\defs.h(187): warning C4305: 'initializing' : truncation from 'double' to 'float'
     1>c:\uf\teaching\cap5705\prep_assignments\proj3_4_opengl\src\librt\include\defs.h(188): warning C4305: 'initializing' : truncation from 'double' to 'float'
     1>c:\uf\teaching\cap5705\prep_assignments\proj3_4_opengl\src\librt\include\defs.h(189): warning C4305: 'initializing' : truncation from 'double' to 'float'
     1>c:\uf\teaching\cap5705\prep_assignments\proj3_4_opengl\src\librt\include\defs.h(190): warning C4305: 'initializing' : truncation from 'double' to 'float'
     1>c:\uf\teaching\cap5705\prep_assignments\proj3_4_opengl\src\librt\include\defs.h(191): warning C4305: 'initializing' : truncation from 'double' to 'float'
     1>c:\uf\teaching\cap5705\prep_assignments\proj3_4_opengl\src\librt\include\defs.h(192): warning C4305: 'initializing' : truncation from 'double' to 'float'
     1>c:\uf\teaching\cap5705\prep_assignments\proj3_4_opengl\src\librt\include\defs.h(193): warning C4305: 'initializing' : truncation from 'double' to 'float'
     1>c:\uf\teaching\cap5705\prep_assignments\proj3_4_opengl\src\librt\include\defs.h(194): warning C4305: 'initializing' : truncation from 'double' to 'float'
     1>c:\uf\teaching\cap5705\prep_assignments\proj3_4_opengl\src\librt\include\defs.h(195): warning C4305: 'initializing' : truncation from 'double' to 'float'
     1>c:\uf\teaching\cap5705\prep_assignments\proj3_4_opengl\src\librt\include\defs.h(196): warning C4305: 'initializing' : truncation from 'double' to 'float'
     1>c:\uf\teaching\cap5705\prep_assignments\proj3_4_opengl\src\librt\include\defs.h(197): warning C4305: 'initializing' : truncation from 'double' to 'float'
     1>c:\uf\teaching\cap5705\prep_assignments\proj3_4_opengl\src\librt\include\defs.h(198): warning C4305: 'initializing' : truncation from 'double' to 'float'
     1>c:\uf\teaching\cap5705\prep_assignments\proj3_4_opengl\src\librt\include\defs.h(199): warning C4305: 'initializing' : truncation from 'double' to 'float'
     1>c:\uf\teaching\cap5705\prep_assignments\proj3_4_opengl\src\librt\include\defs.h(200): warning C4305: 'initializing' : truncation from 'double' to 'float'
     1>c:\uf\teaching\cap5705\prep_assignments\proj3_4_opengl\src\librt\include\defs.h(201): warning C4305: 'initializing' : truncation from 'double' to 'float'
     1>c:\uf\teaching\cap5705\prep_assignments\proj3_4_opengl\src\librt\include\defs.h(202): warning C4305: 'initializing' : truncation from 'double' to 'float'
     1>c:\uf\teaching\cap5705\prep_assignments\proj3_4_opengl\src\librt\include\defs.h(203): warning C4305: 'initializing' : truncation from 'double' to 'float'
     1>c:\uf\teaching\cap5705\prep_assignments\proj3_4_opengl\src\librt\include\defs.h(204): warning C4305: 'initializing' : truncation from 'double' to 'float'
     1>c:\uf\teaching\cap5705\prep_assignments\proj3_4_opengl\src\librt\include\defs.h(205): warning C4305: 'initializing' : truncation from 'double' to 'float'
     1>c:\uf\teaching\cap5705\prep_assignments\proj3_4_opengl\src\librt\include\defs.h(206): warning C4305: 'initializing' : truncation from 'double' to 'float'
     1>c:\uf\teaching\cap5705\prep_assignments\proj3_4_opengl\src\librt\include\defs.h(207): warning C4305: 'initializing' : truncation from 'double' to 'float'
     1>c:\uf\teaching\cap5705\prep_assignments\proj3_4_opengl\src\librt\include\defs.h(208): warning C4305: 'initializing' : truncation from 'double' to 'float'
     1>c:\uf\teaching\cap5705\prep_assignments\proj3_4_opengl\src\librt\include\defs.h(209): warning C4305: 'initializing' : truncation from 'double' to 'float'
     1>c:\uf\teaching\cap5705\prep_assignments\proj3_4_opengl\src\librt\include\defs.h(210): warning C4305: 'initializing' : truncation from 'double' to 'float'
     1>c:\uf\teaching\cap5705\prep_assignments\proj3_4_opengl\src\librt\include\defs.h(211): warning C4305: 'initializing' : truncation from 'double' to 'float'
     1>c:\uf\teaching\cap5705\prep_assignments\proj3_4_opengl\src\librt\include\defs.h(212): warning C4305: 'initializing' : truncation from 'double' to 'float'
     1>c:\uf\teaching\cap5705\prep_assignments\proj3_4_opengl\src\librt\raytracer.cpp(21): warning C4305: 'initializing' : truncation from 'double' to 'float'
     1>c:\uf\teaching\cap5705\prep_assignments\proj3_4_opengl\src\librt\raytracer.cpp(54): warning C4244: 'argument' : conversion from 'float' to 'STColor4ub::Component', possible loss of data
         Ray.cpp
         LinearSolver.cpp
         LightNode.cpp
         Light.cpp
         Intersection.cpp
     1>c:\uf\teaching\cap5705\prep_assignments\proj3_4_opengl\src\librt\include\defs.h(172): warning C4305: 'initializing' : truncation from 'double' to 'float'
     1>c:\uf\teaching\cap5705\prep_assignments\proj3_4_opengl\src\librt\include\defs.h(173): warning C4305: 'initializing' : truncation from 'double' to 'float'
     1>c:\uf\teaching\cap5705\prep_assignments\proj3_4_opengl\src\librt\include\defs.h(174): warning C4305: 'initializing' : truncation from 'double' to 'float'
     1>c:\uf\teaching\cap5705\prep_assignments\proj3_4_opengl\src\librt\include\defs.h(175): warning C4305: 'initializing' : truncation from 'double' to 'float'
     1>c:\uf\teaching\cap5705\prep_assignments\proj3_4_opengl\src\librt\include\defs.h(176): warning C4305: 'initializing' : truncation from 'double' to 'float'
     1>c:\uf\teaching\cap5705\prep_assignments\proj3_4_opengl\src\librt\include\defs.h(177): warning C4305: 'initializing' : truncation from 'double' to 'float'
     1>c:\uf\teaching\cap5705\prep_assignments\proj3_4_opengl\src\librt\include\defs.h(178): warning C4305: 'initializing' : truncation from 'double' to 'float'
     1>c:\uf\teaching\cap5705\prep_assignments\proj3_4_opengl\src\librt\include\defs.h(179): warning C4305: 'initializing' : truncation from 'double' to 'float'
     1>c:\uf\teaching\cap5705\prep_assignments\proj3_4_opengl\src\librt\include\defs.h(180): warning C4305: 'initializing' : truncation from 'double' to 'float'
     1>c:\uf\teaching\cap5705\prep_assignments\proj3_4_opengl\src\librt\include\defs.h(181): warning C4305: 'initializing' : truncation from 'double' to 'float'
     1>c:\uf\teaching\cap5705\prep_assignments\proj3_4_opengl\src\librt\include\defs.h(182): warning C4305: 'initializing' : truncation from 'double' to 'float'
     1>c:\uf\teaching\cap5705\prep_assignments\proj3_4_opengl\src\librt\include\defs.h(183): warning C4305: 'initializing' : truncation from 'double' to 'float'
     1>c:\uf\teaching\cap5705\prep_assignments\proj3_4_opengl\src\librt\include\defs.h(184): warning C4305: 'initializing' : truncation from 'double' to 'float'
     1>c:\uf\teaching\cap5705\prep_assignments\proj3_4_opengl\src\librt\include\defs.h(185): warning C4305: 'initializing' : truncation from 'double' to 'float'
     1>c:\uf\teaching\cap5705\prep_assignments\proj3_4_opengl\src\librt\include\defs.h(186): warning C4305: 'initializing' : truncation from 'double' to 'float'
     1>c:\uf\teaching\cap5705\prep_assignments\proj3_4_opengl\src\librt\include\defs.h(187): warning C4305: 'initializing' : truncation from 'double' to 'float'
     1>c:\uf\teaching\cap5705\prep_assignments\proj3_4_opengl\src\librt\include\defs.h(188): warning C4305: 'initializing' : truncation from 'double' to 'float'
     1>c:\uf\teaching\cap5705\prep_assignments\proj3_4_opengl\src\librt\include\defs.h(189): warning C4305: 'initializing' : truncation from 'double' to 'float'
     1>c:\uf\teaching\cap5705\prep_assignments\proj3_4_opengl\src\librt\include\defs.h(190): warning C4305: 'initializing' : truncation from 'double' to 'float'
     1>c:\uf\teaching\cap5705\prep_assignments\proj3_4_opengl\src\librt\include\defs.h(191): warning C4305: 'initializing' : truncation from 'double' to 'float'
     1>c:\uf\teaching\cap5705\prep_assignments\proj3_4_opengl\src\librt\include\defs.h(192): warning C4305: 'initializing' : truncation from 'double' to 'float'
     1>c:\uf\teaching\cap5705\prep_assignments\proj3_4_opengl\src\librt\include\defs.h(193): warning C4305: 'initializing' : truncation from 'double' to 'float'
     1>c:\uf\teaching\cap5705\prep_assignments\proj3_4_opengl\src\librt\include\defs.h(194): warning C4305: 'initializing' : truncation from 'double' to 'float'
     1>c:\uf\teaching\cap5705\prep_assignments\proj3_4_opengl\src\librt\include\defs.h(195): warning C4305: 'initializing' : truncation from 'double' to 'float'
     1>c:\uf\teaching\cap5705\prep_assignments\proj3_4_opengl\src\librt\include\defs.h(196): warning C4305: 'initializing' : truncation from 'double' to 'float'
     1>c:\uf\teaching\cap5705\prep_assignments\proj3_4_opengl\src\librt\include\defs.h(197): warning C4305: 'initializing' : truncation from 'double' to 'float'
     1>c:\uf\teaching\cap5705\prep_assignments\proj3_4_opengl\src\librt\include\defs.h(198): warning C4305: 'initializing' : truncation from 'double' to 'float'
     1>c:\uf\teaching\cap5705\prep_assignments\proj3_4_opengl\src\librt\include\defs.h(199): warning C4305: 'initializing' : truncation from 'double' to 'float'
     1>c:\uf\teaching\cap5705\prep_assignments\proj3_4_opengl\src\librt\include\defs.h(200): warning C4305: 'initializing' : truncation from 'double' to 'float'
     1>c:\uf\teaching\cap5705\prep_assignments\proj3_4_opengl\src\librt\include\defs.h(201): warning C4305: 'initializing' : truncation from 'double' to 'float'
     1>c:\uf\teaching\cap5705\prep_assignments\proj3_4_opengl\src\librt\include\defs.h(202): warning C4305: 'initializing' : truncation from 'double' to 'float'
     1>c:\uf\teaching\cap5705\prep_assignments\proj3_4_opengl\src\librt\include\defs.h(203): warning C4305: 'initializing' : truncation from 'double' to 'float'
     1>c:\uf\teaching\cap5705\prep_assignments\proj3_4_opengl\src\librt\include\defs.h(204): warning C4305: 'initializing' : truncation from 'double' to 'float'
     1>c:\uf\teaching\cap5705\prep_assignments\proj3_4_opengl\src\librt\include\defs.h(205): warning C4305: 'initializing' : truncation from 'double' to 'float'
     1>c:\uf\teaching\cap5705\prep_assignments\proj3_4_opengl\src\librt\include\defs.h(206): warning C4305: 'initializing' : truncation from 'double' to 'float'
     1>c:\uf\teaching\cap5705\prep_assignments\proj3_4_opengl\src\librt\include\defs.h(207): warning C4305: 'initializing' : truncation from 'double' to 'float'
     1>c:\uf\teaching\cap5705\prep_assignments\proj3_4_opengl\src\librt\include\defs.h(208): warning C4305: 'initializing' : truncation from 'double' to 'float'
     1>c:\uf\teaching\cap5705\prep_assignments\proj3_4_opengl\src\librt\include\defs.h(209): warning C4305: 'initializing' : truncation from 'double' to 'float'
     1>c:\uf\teaching\cap5705\prep_assignments\proj3_4_opengl\src\librt\include\defs.h(210): warning C4305: 'initializing' : truncation from 'double' to 'float'
     1>c:\uf\teaching\cap5705\prep_assignments\proj3_4_opengl\src\librt\include\defs.h(211): warning C4305: 'initializing' : truncation from 'double' to 'float'
     1>c:\uf\teaching\cap5705\prep_assignments\proj3_4_opengl\src\librt\include\defs.h(212): warning C4305: 'initializing' : truncation from 'double' to 'float'
         GeometryNode.cpp
     1>c:\uf\teaching\cap5705\prep_assignments\proj3_4_opengl\src\librt\include\defs.h(172): warning C4305: 'initializing' : truncation from 'double' to 'float'
     1>c:\uf\teaching\cap5705\prep_assignments\proj3_4_opengl\src\librt\include\defs.h(173): warning C4305: 'initializing' : truncation from 'double' to 'float'
     1>c:\uf\teaching\cap5705\prep_assignments\proj3_4_opengl\src\librt\include\defs.h(174): warning C4305: 'initializing' : truncation from 'double' to 'float'
     1>c:\uf\teaching\cap5705\prep_assignments\proj3_4_opengl\src\librt\include\defs.h(175): warning C4305: 'initializing' : truncation from 'double' to 'float'
     1>c:\uf\teaching\cap5705\prep_assignments\proj3_4_opengl\src\librt\include\defs.h(176): warning C4305: 'initializing' : truncation from 'double' to 'float'
     1>c:\uf\teaching\cap5705\prep_assignments\proj3_4_opengl\src\librt\include\defs.h(177): warning C4305: 'initializing' : truncation from 'double' to 'float'
     1>c:\uf\teaching\cap5705\prep_assignments\proj3_4_opengl\src\librt\include\defs.h(178): warning C4305: 'initializing' : truncation from 'double' to 'float'
     1>c:\uf\teaching\cap5705\prep_assignments\proj3_4_opengl\src\librt\include\defs.h(179): warning C4305: 'initializing' : truncation from 'double' to 'float'
     1>c:\uf\teaching\cap5705\prep_assignments\proj3_4_opengl\src\librt\include\defs.h(180): warning C4305: 'initializing' : truncation from 'double' to 'float'
     1>c:\uf\teaching\cap5705\prep_assignments\proj3_4_opengl\src\librt\include\defs.h(181): warning C4305: 'initializing' : truncation from 'double' to 'float'
     1>c:\uf\teaching\cap5705\prep_assignments\proj3_4_opengl\src\librt\include\defs.h(182): warning C4305: 'initializing' : truncation from 'double' to 'float'
     1>c:\uf\teaching\cap5705\prep_assignments\proj3_4_opengl\src\librt\include\defs.h(183): warning C4305: 'initializing' : truncation from 'double' to 'float'
     1>c:\uf\teaching\cap5705\prep_assignments\proj3_4_opengl\src\librt\include\defs.h(184): warning C4305: 'initializing' : truncation from 'double' to 'float'
     1>c:\uf\teaching\cap5705\prep_assignments\proj3_4_opengl\src\librt\include\defs.h(185): warning C4305: 'initializing' : truncation from 'double' to 'float'
     1>c:\uf\teaching\cap5705\prep_assignments\proj3_4_opengl\src\librt\include\defs.h(186): warning C4305: 'initializing' : truncation from 'double' to 'float'
     1>c:\uf\teaching\cap5705\prep_assignments\proj3_4_opengl\src\librt\include\defs.h(187): warning C4305: 'initializing' : truncation from 'double' to 'float'
     1>c:\uf\teaching\cap5705\prep_assignments\proj3_4_opengl\src\librt\include\defs.h(188): warning C4305: 'initializing' : truncation from 'double' to 'float'
     1>c:\uf\teaching\cap5705\prep_assignments\proj3_4_opengl\src\librt\include\defs.h(189): warning C4305: 'initializing' : truncation from 'double' to 'float'
     1>c:\uf\teaching\cap5705\prep_assignments\proj3_4_opengl\src\librt\include\defs.h(190): warning C4305: 'initializing' : truncation from 'double' to 'float'
     1>c:\uf\teaching\cap5705\prep_assignments\proj3_4_opengl\src\librt\include\defs.h(191): warning C4305: 'initializing' : truncation from 'double' to 'float'
     1>c:\uf\teaching\cap5705\prep_assignments\proj3_4_opengl\src\librt\include\defs.h(192): warning C4305: 'initializing' : truncation from 'double' to 'float'
     1>c:\uf\teaching\cap5705\prep_assignments\proj3_4_opengl\src\librt\include\defs.h(193): warning C4305: 'initializing' : truncation from 'double' to 'float'
     1>c:\uf\teaching\cap5705\prep_assignments\proj3_4_opengl\src\librt\include\defs.h(194): warning C4305: 'initializing' : truncation from 'double' to 'float'
     1>c:\uf\teaching\cap5705\prep_assignments\proj3_4_opengl\src\librt\include\defs.h(195): warning C4305: 'initializing' : truncation from 'double' to 'float'
     1>c:\uf\teaching\cap5705\prep_assignments\proj3_4_opengl\src\librt\include\defs.h(196): warning C4305: 'initializing' : truncation from 'double' to 'float'
     1>c:\uf\teaching\cap5705\prep_assignments\proj3_4_opengl\src\librt\include\defs.h(197): warning C4305: 'initializing' : truncation from 'double' to 'float'
     1>c:\uf\teaching\cap5705\prep_assignments\proj3_4_opengl\src\librt\include\defs.h(198): warning C4305: 'initializing' : truncation from 'double' to 'float'
     1>c:\uf\teaching\cap5705\prep_assignments\proj3_4_opengl\src\librt\include\defs.h(199): warning C4305: 'initializing' : truncation from 'double' to 'float'
     1>c:\uf\teaching\cap5705\prep_assignments\proj3_4_opengl\src\librt\include\defs.h(200): warning C4305: 'initializing' : truncation from 'double' to 'float'
     1>c:\uf\teaching\cap5705\prep_assignments\proj3_4_opengl\src\librt\include\defs.h(201): warning C4305: 'initializing' : truncation from 'double' to 'float'
     1>c:\uf\teaching\cap5705\prep_assignments\proj3_4_opengl\src\librt\include\defs.h(202): warning C4305: 'initializing' : truncation from 'double' to 'float'
     1>c:\uf\teaching\cap5705\prep_assignments\proj3_4_opengl\src\librt\include\defs.h(203): warning C4305: 'initializing' : truncation from 'double' to 'float'
     1>c:\uf\teaching\cap5705\prep_assignments\proj3_4_opengl\src\librt\include\defs.h(204): warning C4305: 'initializing' : truncation from 'double' to 'float'
     1>c:\uf\teaching\cap5705\prep_assignments\proj3_4_opengl\src\librt\include\defs.h(205): warning C4305: 'initializing' : truncation from 'double' to 'float'
     1>c:\uf\teaching\cap5705\prep_assignments\proj3_4_opengl\src\librt\include\defs.h(206): warning C4305: 'initializing' : truncation from 'double' to 'float'
     1>c:\uf\teaching\cap5705\prep_assignments\proj3_4_opengl\src\librt\include\defs.h(207): warning C4305: 'initializing' : truncation from 'double' to 'float'
     1>c:\uf\teaching\cap5705\prep_assignments\proj3_4_opengl\src\librt\include\defs.h(208): warning C4305: 'initializing' : truncation from 'double' to 'float'
     1>c:\uf\teaching\cap5705\prep_assignments\proj3_4_opengl\src\librt\include\defs.h(209): warning C4305: 'initializing' : truncation from 'double' to 'float'
     1>c:\uf\teaching\cap5705\prep_assignments\proj3_4_opengl\src\librt\include\defs.h(210): warning C4305: 'initializing' : truncation from 'double' to 'float'
     1>c:\uf\teaching\cap5705\prep_assignments\proj3_4_opengl\src\librt\include\defs.h(211): warning C4305: 'initializing' : truncation from 'double' to 'float'
     1>c:\uf\teaching\cap5705\prep_assignments\proj3_4_opengl\src\librt\include\defs.h(212): warning C4305: 'initializing' : truncation from 'double' to 'float'
         CameraNode.cpp
         Camera.cpp
     1>c:\uf\teaching\cap5705\prep_assignments\proj3_4_opengl\src\librt\include\defs.h(172): warning C4305: 'initializing' : truncation from 'double' to 'float'
     1>c:\uf\teaching\cap5705\prep_assignments\proj3_4_opengl\src\librt\include\defs.h(173): warning C4305: 'initializing' : truncation from 'double' to 'float'
     1>c:\uf\teaching\cap5705\prep_assignments\proj3_4_opengl\src\librt\include\defs.h(174): warning C4305: 'initializing' : truncation from 'double' to 'float'
     1>c:\uf\teaching\cap5705\prep_assignments\proj3_4_opengl\src\librt\include\defs.h(175): warning C4305: 'initializing' : truncation from 'double' to 'float'
     1>c:\uf\teaching\cap5705\prep_assignments\proj3_4_opengl\src\librt\include\defs.h(176): warning C4305: 'initializing' : truncation from 'double' to 'float'
     1>c:\uf\teaching\cap5705\prep_assignments\proj3_4_opengl\src\librt\include\defs.h(177): warning C4305: 'initializing' : truncation from 'double' to 'float'
     1>c:\uf\teaching\cap5705\prep_assignments\proj3_4_opengl\src\librt\include\defs.h(178): warning C4305: 'initializing' : truncation from 'double' to 'float'
     1>c:\uf\teaching\cap5705\prep_assignments\proj3_4_opengl\src\librt\include\defs.h(179): warning C4305: 'initializing' : truncation from 'double' to 'float'
     1>c:\uf\teaching\cap5705\prep_assignments\proj3_4_opengl\src\librt\include\defs.h(180): warning C4305: 'initializing' : truncation from 'double' to 'float'
     1>c:\uf\teaching\cap5705\prep_assignments\proj3_4_opengl\src\librt\include\defs.h(181): warning C4305: 'initializing' : truncation from 'double' to 'float'
     1>c:\uf\teaching\cap5705\prep_assignments\proj3_4_opengl\src\librt\include\defs.h(182): warning C4305: 'initializing' : truncation from 'double' to 'float'
     1>c:\uf\teaching\cap5705\prep_assignments\proj3_4_opengl\src\librt\include\defs.h(183): warning C4305: 'initializing' : truncation from 'double' to 'float'
     1>c:\uf\teaching\cap5705\prep_assignments\proj3_4_opengl\src\librt\include\defs.h(184): warning C4305: 'initializing' : truncation from 'double' to 'float'
     1>c:\uf\teaching\cap5705\prep_assignments\proj3_4_opengl\src\librt\include\defs.h(185): warning C4305: 'initializing' : truncation from 'double' to 'float'
     1>c:\uf\teaching\cap5705\prep_assignments\proj3_4_opengl\src\librt\include\defs.h(186): warning C4305: 'initializing' : truncation from 'double' to 'float'
     1>c:\uf\teaching\cap5705\prep_assignments\proj3_4_opengl\src\librt\include\defs.h(187): warning C4305: 'initializing' : truncation from 'double' to 'float'
     1>c:\uf\teaching\cap5705\prep_assignments\proj3_4_opengl\src\librt\include\defs.h(188): warning C4305: 'initializing' : truncation from 'double' to 'float'
     1>c:\uf\teaching\cap5705\prep_assignments\proj3_4_opengl\src\librt\include\defs.h(189): warning C4305: 'initializing' : truncation from 'double' to 'float'
     1>c:\uf\teaching\cap5705\prep_assignments\proj3_4_opengl\src\librt\include\defs.h(190): warning C4305: 'initializing' : truncation from 'double' to 'float'
     1>c:\uf\teaching\cap5705\prep_assignments\proj3_4_opengl\src\librt\include\defs.h(191): warning C4305: 'initializing' : truncation from 'double' to 'float'
     1>c:\uf\teaching\cap5705\prep_assignments\proj3_4_opengl\src\librt\include\defs.h(192): warning C4305: 'initializing' : truncation from 'double' to 'float'
     1>c:\uf\teaching\cap5705\prep_assignments\proj3_4_opengl\src\librt\include\defs.h(193): warning C4305: 'initializing' : truncation from 'double' to 'float'
     1>c:\uf\teaching\cap5705\prep_assignments\proj3_4_opengl\src\librt\include\defs.h(194): warning C4305: 'initializing' : truncation from 'double' to 'float'
     1>c:\uf\teaching\cap5705\prep_assignments\proj3_4_opengl\src\librt\include\defs.h(195): warning C4305: 'initializing' : truncation from 'double' to 'float'
     1>c:\uf\teaching\cap5705\prep_assignments\proj3_4_opengl\src\librt\include\defs.h(196): warning C4305: 'initializing' : truncation from 'double' to 'float'
     1>c:\uf\teaching\cap5705\prep_assignments\proj3_4_opengl\src\librt\include\defs.h(197): warning C4305: 'initializing' : truncation from 'double' to 'float'
     1>c:\uf\teaching\cap5705\prep_assignments\proj3_4_opengl\src\librt\include\defs.h(198): warning C4305: 'initializing' : truncation from 'double' to 'float'
     1>c:\uf\teaching\cap5705\prep_assignments\proj3_4_opengl\src\librt\include\defs.h(199): warning C4305: 'initializing' : truncation from 'double' to 'float'
     1>c:\uf\teaching\cap5705\prep_assignments\proj3_4_opengl\src\librt\include\defs.h(200): warning C4305: 'initializing' : truncation from 'double' to 'float'
     1>c:\uf\teaching\cap5705\prep_assignments\proj3_4_opengl\src\librt\include\defs.h(201): warning C4305: 'initializing' : truncation from 'double' to 'float'
     1>c:\uf\teaching\cap5705\prep_assignments\proj3_4_opengl\src\librt\include\defs.h(202): warning C4305: 'initializing' : truncation from 'double' to 'float'
     1>c:\uf\teaching\cap5705\prep_assignments\proj3_4_opengl\src\librt\include\defs.h(203): warning C4305: 'initializing' : truncation from 'double' to 'float'
     1>c:\uf\teaching\cap5705\prep_assignments\proj3_4_opengl\src\librt\include\defs.h(204): warning C4305: 'initializing' : truncation from 'double' to 'float'
     1>c:\uf\teaching\cap5705\prep_assignments\proj3_4_opengl\src\librt\include\defs.h(205): warning C4305: 'initializing' : truncation from 'double' to 'float'
     1>c:\uf\teaching\cap5705\prep_assignments\proj3_4_opengl\src\librt\include\defs.h(206): warning C4305: 'initializing' : truncation from 'double' to 'float'
     1>c:\uf\teaching\cap5705\prep_assignments\proj3_4_opengl\src\librt\include\defs.h(207): warning C4305: 'initializing' : truncation from 'double' to 'float'
     1>c:\uf\teaching\cap5705\prep_assignments\proj3_4_opengl\src\librt\include\defs.h(208): warning C4305: 'initializing' : truncation from 'double' to 'float'
     1>c:\uf\teaching\cap5705\prep_assignments\proj3_4_opengl\src\librt\include\defs.h(209): warning C4305: 'initializing' : truncation from 'double' to 'float'
     1>c:\uf\teaching\cap5705\prep_assignments\proj3_4_opengl\src\librt\include\defs.h(210): warning C4305: 'initializing' : truncation from 'double' to 'float'
     1>c:\uf\teaching\cap5705\prep_assignments\proj3_4_opengl\src\librt\include\defs.h(211): warning C4305: 'initializing' : truncation from 'double' to 'float'
     1>c:\uf\teaching\cap5705\prep_assignments\proj3_4_opengl\src\librt\include\defs.h(212): warning C4305: 'initializing' : truncation from 'double' to 'float'
         Generating Code...
       Lib:
         C:\Program Files (x86)\Microsoft Visual Studio 11.0\VC\bin\Lib.exe /OUT:"./lib/Debug\librt.lib" /NOLOGO Debug\Camera.obj
         Debug\CameraNode.obj
         Debug\GeometryNode.obj
         Debug\Intersection.obj
         Debug\Light.obj
         Debug\LightNode.obj
         Debug\LinearSolver.obj
         Debug\Ray.obj
         Debug\RayTracer.obj
         Debug\RGBR_f.obj
         Debug\Scene.obj
         Debug\SceneNode.obj
         Debug\Shader.obj
         Debug\Sphere.obj
         Debug\Surface.obj
         Debug\TransformNode.obj
         Debug\Triangle.obj
         Debug\utilities.obj
         rtlib.vcxproj -> C:\UF\teaching\CAP5705\prep_assignments\proj3_4_OpenGL\src\librt\./lib/Debug\librt.lib
       FinalizeBuildStatus:
         Deleting file "Debug\librt.unsuccessfulbuild".
         Touching "Debug\librt.lastbuildstate".
     1>Done Building Project "C:\UF\teaching\CAP5705\prep_assignments\proj3_4_OpenGL\src\librt\rtlib.vcxproj" (Rebuild target(s)).

Build succeeded.

Time Elapsed 00:00:07.44
